<?xml version="1.0" encoding="UTF-8"?>
<!-- Generated by org.testng.reporters.JUnitReportReporter -->
<testsuite hostname="LAPTOP-J1D6NOHE" failures="0" tests="1" name="DataDrivenTest.ReadingDataFromExcel" time="1.400" errors="0" timestamp="27 Apr 2023 04:53:27 GMT" skipped="0">
  <testcase classname="DataDrivenTest.ReadingDataFromExcel" name="verifyexceldata" time="1.400"/>
</testsuite> <!-- DataDrivenTest.ReadingDataFromExcel -->
