<?xml version="1.0" encoding="UTF-8"?>
<!-- Generated by org.testng.reporters.JUnitReportReporter -->
<testsuite hostname="LAPTOP-J1D6NOHE" failures="0" tests="1" name="DataDrivenTest.ReadingDataFromExcel" time="1.082" errors="0" timestamp="09 Mar 2023 14:55:25 GMT" skipped="0">
  <testcase classname="DataDrivenTest.ReadingDataFromExcel" name="verifyexceldata" time="1.082"/>
</testsuite> <!-- DataDrivenTest.ReadingDataFromExcel -->
