<?xml version="1.0" encoding="UTF-8"?>
<!-- Generated by org.testng.reporters.JUnitReportReporter -->
<testsuite hostname="LAPTOP-J1D6NOHE" failures="0" tests="1" name="actionsClass.Slider" time="13.647" errors="0" timestamp="19 Jun 2023 11:16:03 GMT" skipped="0">
  <testcase classname="actionsClass.Slider" name="verifyslider" time="13.647"/>
</testsuite> <!-- actionsClass.Slider -->
