<?xml version="1.0" encoding="UTF-8"?>
<!-- Generated by org.testng.reporters.JUnitReportReporter -->
<testsuite hostname="LAPTOP-J1D6NOHE" failures="0" tests="1" name="DataDrivenTest.SendingDataToApplication" time="37.097" errors="0" timestamp="21 Mar 2023 13:26:30 GMT" skipped="0">
  <testcase classname="DataDrivenTest.SendingDataToApplication" name="verifysenddata" time="37.097"/>
</testsuite> <!-- DataDrivenTest.SendingDataToApplication -->
