<?xml version="1.0" encoding="UTF-8"?>
<!-- Generated by org.testng.reporters.JUnitReportReporter -->
<testsuite hostname="LAPTOP-J1D6NOHE" failures="0" tests="1" name="actionsClass.DragAndDrop" time="18.821" errors="0" timestamp="19 Apr 2023 16:53:55 GMT" skipped="0">
  <testcase classname="actionsClass.DragAndDrop" name="draganddro" time="18.821"/>
</testsuite> <!-- actionsClass.DragAndDrop -->
