<?xml version="1.0" encoding="UTF-8"?>
<!-- Generated by org.testng.reporters.JUnitReportReporter -->
<testsuite hostname="LAPTOP-J1D6NOHE" failures="0" tests="1" name="extentReport.ExtentReport" time="13.552" errors="0" timestamp="09 Mar 2023 10:29:48 GMT" skipped="0">
  <testcase classname="extentReport.ExtentReport" name="TestReport" time="13.552"/>
</testsuite> <!-- extentReport.ExtentReport -->
