<?xml version="1.0" encoding="UTF-8"?>
<!-- Generated by org.testng.reporters.JUnitReportReporter -->
<testsuite hostname="LAPTOP-J1D6NOHE" failures="0" tests="1" name="extentReport.ExtentReport" time="19.341" errors="0" timestamp="20 Apr 2023 11:00:53 GMT" skipped="0">
  <testcase classname="extentReport.ExtentReport" name="ExtentReport" time="19.341"/>
</testsuite> <!-- extentReport.ExtentReport -->
