<?xml version="1.0" encoding="UTF-8"?>
<!-- Generated by org.testng.reporters.JUnitReportReporter -->
<testsuite hostname="LAPTOP-J1D6NOHE" failures="0" tests="1" name="actionsClass.Slider" time="10.240" errors="0" timestamp="09 Mar 2023 14:20:40 GMT" skipped="0">
  <testcase classname="actionsClass.Slider" name="verifyslider" time="10.240"/>
</testsuite> <!-- actionsClass.Slider -->
